0 info it worked if it ends with ok
1 verbose cli [ 'node', '/usr/local/bin/npm', 'install', 'gulp-ugl' ]
2 info using npm@1.4.28
3 info using node@v0.10.33
4 verbose cache add [ 'gulp-ugl', null ]
5 verbose cache add name=undefined spec="gulp-ugl" args=["gulp-ugl",null]
6 verbose parsed url { protocol: null,
6 verbose parsed url   slashes: null,
6 verbose parsed url   auth: null,
6 verbose parsed url   host: null,
6 verbose parsed url   port: null,
6 verbose parsed url   hostname: null,
6 verbose parsed url   hash: null,
6 verbose parsed url   search: null,
6 verbose parsed url   query: null,
6 verbose parsed url   pathname: 'gulp-ugl',
6 verbose parsed url   path: 'gulp-ugl',
6 verbose parsed url   href: 'gulp-ugl' }
7 silly lockFile 14c74cf4-gulp-ugl gulp-ugl
8 verbose lock gulp-ugl /Users/Sear/.npm/14c74cf4-gulp-ugl.lock
9 silly lockFile 14c74cf4-gulp-ugl gulp-ugl
10 silly lockFile 14c74cf4-gulp-ugl gulp-ugl
11 verbose addNamed [ 'gulp-ugl', '' ]
12 verbose addNamed [ null, '*' ]
13 silly lockFile 139b9186-gulp-ugl gulp-ugl@
14 verbose lock gulp-ugl@ /Users/Sear/.npm/139b9186-gulp-ugl.lock
15 silly addNameRange { name: 'gulp-ugl', range: '*', hasData: false }
16 verbose request where is /gulp-ugl
17 verbose request registry https://registry.npmjs.org/
18 verbose request id be25cb43e6c64c25
19 verbose url raw /gulp-ugl
20 verbose url resolving [ 'https://registry.npmjs.org/', './gulp-ugl' ]
21 verbose url resolved https://registry.npmjs.org/gulp-ugl
22 verbose request where is https://registry.npmjs.org/gulp-ugl
23 info trying registry request attempt 1 at 19:49:30
24 http GET https://registry.npmjs.org/gulp-ugl
25 http 404 https://registry.npmjs.org/gulp-ugl
26 verbose headers { date: 'Sun, 15 Feb 2015 19:49:31 GMT',
26 verbose headers   server: 'CouchDB/1.5.0 (Erlang OTP/R16B03)',
26 verbose headers   'content-type': 'application/json',
26 verbose headers   'cache-control': 'max-age=0',
26 verbose headers   'content-length': '52',
26 verbose headers   'accept-ranges': 'bytes',
26 verbose headers   via: '1.1 varnish',
26 verbose headers   age: '0',
26 verbose headers   'x-served-by': 'cache-lhr6331-LHR',
26 verbose headers   'x-cache': 'MISS',
26 verbose headers   'x-cache-hits': '0',
26 verbose headers   'x-timer': 'S1424029770.491124,VS0,VE629',
26 verbose headers   'keep-alive': 'timeout=10, max=50',
26 verbose headers   connection: 'Keep-Alive' }
27 silly registry.get cb [ 404,
27 silly registry.get   { date: 'Sun, 15 Feb 2015 19:49:31 GMT',
27 silly registry.get     server: 'CouchDB/1.5.0 (Erlang OTP/R16B03)',
27 silly registry.get     'content-type': 'application/json',
27 silly registry.get     'cache-control': 'max-age=0',
27 silly registry.get     'content-length': '52',
27 silly registry.get     'accept-ranges': 'bytes',
27 silly registry.get     via: '1.1 varnish',
27 silly registry.get     age: '0',
27 silly registry.get     'x-served-by': 'cache-lhr6331-LHR',
27 silly registry.get     'x-cache': 'MISS',
27 silly registry.get     'x-cache-hits': '0',
27 silly registry.get     'x-timer': 'S1424029770.491124,VS0,VE629',
27 silly registry.get     'keep-alive': 'timeout=10, max=50',
27 silly registry.get     connection: 'Keep-Alive' } ]
28 silly lockFile 139b9186-gulp-ugl gulp-ugl@
29 silly lockFile 139b9186-gulp-ugl gulp-ugl@
30 error 404 404 Not Found: gulp-ugl
30 error 404
30 error 404 'gulp-ugl' is not in the npm registry.
30 error 404 You should bug the author to publish it
30 error 404
30 error 404 Note that you can also install from a
30 error 404 tarball, folder, or http url, or git url.
31 error System Darwin 14.1.0
32 error command "node" "/usr/local/bin/npm" "install" "gulp-ugl"
33 error cwd /Users/Sear/Sites/JPS/TableTennis
34 error node -v v0.10.33
35 error npm -v 1.4.28
36 error code E404
37 verbose exit [ 1, true ]
